
> frontend@0.0.0 dev
> vite


  VITE v6.2.0  ready in 134 ms

  ➜  Local:   http://localhost:5173/
  ➜  Network: use --host to expose

> frontend@0.0.0 dev
> vite


  VITE v6.2.0  ready in 133 ms

  ➜  Local:   http://localhost:5173/
  ➜  Network: use --host to expose
20:34:43 [vite] (client) hmr update /src/App.tsx
20:35:09 [vite] (client) hmr update /src/App.tsx
20:35:09 [vite] Internal server error: /home/hidehico/Docments/blog_project/frontend/src/App.tsx: Unexpected token (10:2)

   8 |
   9 |   return (
> 10 |   );
     |   ^
  11 | }
  12 |
  13 | export default App;
  Plugin: vite:react-babel
  File: /home/hidehico/Docments/blog_project/frontend/src/App.tsx:10:2
  8  |  
  9  |    return (
  10 |    );
     |    ^
  11 |  }
  12 |  
      at constructor (/home/hidehico/Docments/blog_project/frontend/node_modules/@babel/parser/lib/index.js:360:19)
      at TypeScriptParserMixin.raise (/home/hidehico/Docments/blog_project/frontend/node_modules/@babel/parser/lib/index.js:3327:19)
      at TypeScriptParserMixin.unexpected (/home/hidehico/Docments/blog_project/frontend/node_modules/@babel/parser/lib/index.js:3347:16)
      at TypeScriptParserMixin.parseParenAndDistinguishExpression (/home/hidehico/Docments/blog_project/frontend/node_modules/@babel/parser/lib/index.js:11376:12)
      at TypeScriptParserMixin.parseExprAtom (/home/hidehico/Docments/blog_project/frontend/node_modules/@babel/parser/lib/index.js:11006:23)
      at TypeScriptParserMixin.parseExprAtom (/home/hidehico/Docments/blog_project/frontend/node_modules/@babel/parser/lib/index.js:6937:20)
      at TypeScriptParserMixin.parseExprSubscripts (/home/hidehico/Docments/blog_project/frontend/node_modules/@babel/parser/lib/index.js:10758:23)
      at TypeScriptParserMixin.parseUpdate (/home/hidehico/Docments/blog_project/frontend/node_modules/@babel/parser/lib/index.js:10743:21)
      at TypeScriptParserMixin.parseMaybeUnary (/home/hidehico/Docments/blog_project/frontend/node_modules/@babel/parser/lib/index.js:10723:23)
      at TypeScriptParserMixin.parseMaybeUnary (/home/hidehico/Docments/blog_project/frontend/node_modules/@babel/parser/lib/index.js:9672:18)
      at TypeScriptParserMixin.parseMaybeUnaryOrPrivate (/home/hidehico/Docments/blog_project/frontend/node_modules/@babel/parser/lib/index.js:10576:61)
      at TypeScriptParserMixin.parseExprOps (/home/hidehico/Docments/blog_project/frontend/node_modules/@babel/parser/lib/index.js:10581:23)
      at TypeScriptParserMixin.parseMaybeConditional (/home/hidehico/Docments/blog_project/frontend/node_modules/@babel/parser/lib/index.js:10558:23)
      at TypeScriptParserMixin.parseMaybeAssign (/home/hidehico/Docments/blog_project/frontend/node_modules/@babel/parser/lib/index.js:10521:21)
      at TypeScriptParserMixin.parseMaybeAssign (/home/hidehico/Docments/blog_project/frontend/node_modules/@babel/parser/lib/index.js:9621:20)
      at TypeScriptParserMixin.parseExpressionBase (/home/hidehico/Docments/blog_project/frontend/node_modules/@babel/parser/lib/index.js:10475:23)
      at /home/hidehico/Docments/blog_project/frontend/node_modules/@babel/parser/lib/index.js:10471:39
      at TypeScriptParserMixin.allowInAnd (/home/hidehico/Docments/blog_project/frontend/node_modules/@babel/parser/lib/index.js:12095:16)
      at TypeScriptParserMixin.parseExpression (/home/hidehico/Docments/blog_project/frontend/node_modules/@babel/parser/lib/index.js:10471:17)
      at TypeScriptParserMixin.parseReturnStatement (/home/hidehico/Docments/blog_project/frontend/node_modules/@babel/parser/lib/index.js:12786:28)
      at TypeScriptParserMixin.parseStatementContent (/home/hidehico/Docments/blog_project/frontend/node_modules/@babel/parser/lib/index.js:12437:21)
      at TypeScriptParserMixin.parseStatementContent (/home/hidehico/Docments/blog_project/frontend/node_modules/@babel/parser/lib/index.js:9344:18)
      at TypeScriptParserMixin.parseStatementLike (/home/hidehico/Docments/blog_project/frontend/node_modules/@babel/parser/lib/index.js:12406:17)
      at TypeScriptParserMixin.parseStatementListItem (/home/hidehico/Docments/blog_project/frontend/node_modules/@babel/parser/lib/index.js:12386:17)
      at TypeScriptParserMixin.parseBlockOrModuleBlockBody (/home/hidehico/Docments/blog_project/frontend/node_modules/@babel/parser/lib/index.js:12960:61)
      at TypeScriptParserMixin.parseBlockBody (/home/hidehico/Docments/blog_project/frontend/node_modules/@babel/parser/lib/index.js:12953:10)
      at TypeScriptParserMixin.parseBlock (/home/hidehico/Docments/blog_project/frontend/node_modules/@babel/parser/lib/index.js:12941:10)
      at TypeScriptParserMixin.parseFunctionBody (/home/hidehico/Docments/blog_project/frontend/node_modules/@babel/parser/lib/index.js:11783:24)
      at TypeScriptParserMixin.parseFunctionBodyAndFinish (/home/hidehico/Docments/blog_project/frontend/node_modules/@babel/parser/lib/index.js:11769:10)
      at TypeScriptParserMixin.parseFunctionBodyAndFinish (/home/hidehico/Docments/blog_project/frontend/node_modules/@babel/parser/lib/index.js:9074:18)
      at /home/hidehico/Docments/blog_project/frontend/node_modules/@babel/parser/lib/index.js:13085:12
      at TypeScriptParserMixin.withSmartMixTopicForbiddingContext (/home/hidehico/Docments/blog_project/frontend/node_modules/@babel/parser/lib/index.js:12077:14)
      at TypeScriptParserMixin.parseFunction (/home/hidehico/Docments/blog_project/frontend/node_modules/@babel/parser/lib/index.js:13084:10)
      at TypeScriptParserMixin.parseFunctionStatement (/home/hidehico/Docments/blog_project/frontend/node_modules/@babel/parser/lib/index.js:12769:17)
      at TypeScriptParserMixin.parseStatementContent (/home/hidehico/Docments/blog_project/frontend/node_modules/@babel/parser/lib/index.js:12430:21)
      at TypeScriptParserMixin.parseStatementContent (/home/hidehico/Docments/blog_project/frontend/node_modules/@babel/parser/lib/index.js:9344:18)
      at TypeScriptParserMixin.parseStatementLike (/home/hidehico/Docments/blog_project/frontend/node_modules/@babel/parser/lib/index.js:12406:17)
      at TypeScriptParserMixin.parseModuleItem (/home/hidehico/Docments/blog_project/frontend/node_modules/@babel/parser/lib/index.js:12383:17)
      at TypeScriptParserMixin.parseBlockOrModuleBlockBody (/home/hidehico/Docments/blog_project/frontend/node_modules/@babel/parser/lib/index.js:12960:36)
      at TypeScriptParserMixin.parseBlockBody (/home/hidehico/Docments/blog_project/frontend/node_modules/@babel/parser/lib/index.js:12953:10)
      at TypeScriptParserMixin.parseProgram (/home/hidehico/Docments/blog_project/frontend/node_modules/@babel/parser/lib/index.js:12280:10)
      at TypeScriptParserMixin.parseTopLevel (/home/hidehico/Docments/blog_project/frontend/node_modules/@babel/parser/lib/index.js:12270:25)
      at TypeScriptParserMixin.parse (/home/hidehico/Docments/blog_project/frontend/node_modules/@babel/parser/lib/index.js:14120:10)
      at TypeScriptParserMixin.parse (/home/hidehico/Docments/blog_project/frontend/node_modules/@babel/parser/lib/index.js:9967:18)
      at parse (/home/hidehico/Docments/blog_project/frontend/node_modules/@babel/parser/lib/index.js:14154:38)
      at parser (/home/hidehico/Docments/blog_project/frontend/node_modules/@babel/core/lib/parser/index.js:41:34)
      at parser.next (<anonymous>)
      at normalizeFile (/home/hidehico/Docments/blog_project/frontend/node_modules/@babel/core/lib/transformation/normalize-file.js:64:37)
      at normalizeFile.next (<anonymous>)
      at run (/home/hidehico/Docments/blog_project/frontend/node_modules/@babel/core/lib/transformation/index.js:22:50)
20:35:25 [vite] (client) hmr update /src/App.tsx
20:35:28 [vite] (client) hmr update /src/App.tsx
20:35:53 [vite] (client) page reload src/main.tsx
20:35:54 [vite] (client) page reload src/main.tsx
20:36:27 [vite] (client) page reload index.html
20:36:33 [vite] (client) page reload index.html
20:43:52 [vite] (client) page reload src/assets/react.svg
20:44:26 [vite] (client) hmr update /src/index.css
20:44:31 [vite] (client) hmr update /src/App.css
